<?xml version="1.0" encoding="UTF-8"?>
<testsuite name="com.lowes.payment.employee.EmployeeApplicationTests" tests="1" skipped="0" failures="0" errors="0" timestamp="2019-11-07T11:43:43" hostname="NB1499-PC0V6X1C" time="0.299">
  <properties/>
  <testcase name="contextLoads()" classname="com.lowes.payment.employee.EmployeeApplicationTests" time="0.299"/>
  <system-out><![CDATA[17:13:41.278 [Test worker] DEBUG org.springframework.test.context.BootstrapUtils - Instantiating CacheAwareContextLoaderDelegate from class [org.springframework.test.context.cache.DefaultCacheAwareContextLoaderDelegate]
17:13:41.304 [Test worker] DEBUG org.springframework.test.context.BootstrapUtils - Instantiating BootstrapContext using constructor [public org.springframework.test.context.support.DefaultBootstrapContext(java.lang.Class,org.springframework.test.context.CacheAwareContextLoaderDelegate)]
17:13:41.348 [Test worker] DEBUG org.springframework.test.context.BootstrapUtils - Instantiating TestContextBootstrapper for test class [com.lowes.payment.employee.EmployeeApplicationTests] from class [org.springframework.boot.test.context.SpringBootTestContextBootstrapper]
17:13:41.377 [Test worker] INFO org.springframework.boot.test.context.SpringBootTestContextBootstrapper - Neither @ContextConfiguration nor @ContextHierarchy found for test class [com.lowes.payment.employee.EmployeeApplicationTests], using SpringBootContextLoader
17:13:41.381 [Test worker] DEBUG org.springframework.test.context.support.AbstractContextLoader - Did not detect default resource location for test class [com.lowes.payment.employee.EmployeeApplicationTests]: class path resource [com/lowes/payment/employee/EmployeeApplicationTests-context.xml] does not exist
17:13:41.382 [Test worker] DEBUG org.springframework.test.context.support.AbstractContextLoader - Did not detect default resource location for test class [com.lowes.payment.employee.EmployeeApplicationTests]: class path resource [com/lowes/payment/employee/EmployeeApplicationTestsContext.groovy] does not exist
17:13:41.382 [Test worker] INFO org.springframework.test.context.support.AbstractContextLoader - Could not detect default resource locations for test class [com.lowes.payment.employee.EmployeeApplicationTests]: no resource found for suffixes {-context.xml, Context.groovy}.
17:13:41.383 [Test worker] INFO org.springframework.test.context.support.AnnotationConfigContextLoaderUtils - Could not detect default configuration classes for test class [com.lowes.payment.employee.EmployeeApplicationTests]: EmployeeApplicationTests does not declare any static, non-private, non-final, nested classes annotated with @Configuration.
17:13:41.427 [Test worker] DEBUG org.springframework.test.context.support.ActiveProfilesUtils - Could not find an 'annotation declaring class' for annotation type [org.springframework.test.context.ActiveProfiles] and class [com.lowes.payment.employee.EmployeeApplicationTests]
17:13:41.533 [Test worker] DEBUG org.springframework.context.annotation.ClassPathScanningCandidateComponentProvider - Identified candidate component class: file [C:\Users\karum\employee\employee\build\classes\java\main\com\lowes\payment\employee\EmployeeApplication.class]
17:13:41.546 [Test worker] INFO org.springframework.boot.test.context.SpringBootTestContextBootstrapper - Found @SpringBootConfiguration com.lowes.payment.employee.EmployeeApplication for test class com.lowes.payment.employee.EmployeeApplicationTests
17:13:41.677 [Test worker] DEBUG org.springframework.boot.test.context.SpringBootTestContextBootstrapper - @TestExecutionListeners is not present for class [com.lowes.payment.employee.EmployeeApplicationTests]: using defaults.
17:13:41.678 [Test worker] INFO org.springframework.boot.test.context.SpringBootTestContextBootstrapper - Loaded default TestExecutionListener class names from location [META-INF/spring.factories]: [org.springframework.boot.test.autoconfigure.restdocs.RestDocsTestExecutionListener, org.springframework.boot.test.autoconfigure.web.client.MockRestServiceServerResetTestExecutionListener, org.springframework.boot.test.autoconfigure.web.servlet.MockMvcPrintOnlyOnFailureTestExecutionListener, org.springframework.boot.test.autoconfigure.web.servlet.WebDriverTestExecutionListener, org.springframework.boot.test.mock.mockito.MockitoTestExecutionListener, org.springframework.boot.test.mock.mockito.ResetMocksTestExecutionListener, org.springframework.test.context.web.ServletTestExecutionListener, org.springframework.test.context.support.DirtiesContextBeforeModesTestExecutionListener, org.springframework.test.context.support.DependencyInjectionTestExecutionListener, org.springframework.test.context.support.DirtiesContextTestExecutionListener, org.springframework.test.context.transaction.TransactionalTestExecutionListener, org.springframework.test.context.jdbc.SqlScriptsTestExecutionListener, org.springframework.test.context.event.EventPublishingTestExecutionListener]
17:13:41.696 [Test worker] DEBUG org.springframework.boot.test.context.SpringBootTestContextBootstrapper - Skipping candidate TestExecutionListener [org.springframework.test.context.transaction.TransactionalTestExecutionListener] due to a missing dependency. Specify custom listener classes or make the default listener classes and their required dependencies available. Offending class: [org/springframework/transaction/interceptor/TransactionAttributeSource]
17:13:41.697 [Test worker] DEBUG org.springframework.boot.test.context.SpringBootTestContextBootstrapper - Skipping candidate TestExecutionListener [org.springframework.test.context.jdbc.SqlScriptsTestExecutionListener] due to a missing dependency. Specify custom listener classes or make the default listener classes and their required dependencies available. Offending class: [org/springframework/transaction/interceptor/TransactionAttribute]
17:13:41.697 [Test worker] INFO org.springframework.boot.test.context.SpringBootTestContextBootstrapper - Using TestExecutionListeners: [org.springframework.test.context.web.ServletTestExecutionListener@7051ff0a, org.springframework.test.context.support.DirtiesContextBeforeModesTestExecutionListener@7ace2ba4, org.springframework.boot.test.mock.mockito.MockitoTestExecutionListener@7f04d583, org.springframework.boot.test.autoconfigure.SpringBootDependencyInjectionTestExecutionListener@6d5b1f45, org.springframework.test.context.support.DirtiesContextTestExecutionListener@120d044b, org.springframework.test.context.event.EventPublishingTestExecutionListener@19159ea5, org.springframework.boot.test.autoconfigure.restdocs.RestDocsTestExecutionListener@40e4e8c9, org.springframework.boot.test.autoconfigure.web.client.MockRestServiceServerResetTestExecutionListener@757066a7, org.springframework.boot.test.autoconfigure.web.servlet.MockMvcPrintOnlyOnFailureTestExecutionListener@f250b1e, org.springframework.boot.test.autoconfigure.web.servlet.WebDriverTestExecutionListener@3af04ce9, org.springframework.boot.test.mock.mockito.ResetMocksTestExecutionListener@5db559de]
17:13:41.704 [Test worker] DEBUG org.springframework.test.context.support.AbstractDirtiesContextTestExecutionListener - Before test class: context [DefaultTestContext@25c7135a testClass = EmployeeApplicationTests, testInstance = [null], testMethod = [null], testException = [null], mergedContextConfiguration = [WebMergedContextConfiguration@3efc8eae testClass = EmployeeApplicationTests, locations = '{}', classes = '{class com.lowes.payment.employee.EmployeeApplication}', contextInitializerClasses = '[]', activeProfiles = '{}', propertySourceLocations = '{}', propertySourceProperties = '{org.springframework.boot.test.context.SpringBootTestContextBootstrapper=true}', contextCustomizers = set[org.springframework.boot.test.autoconfigure.properties.PropertyMappingContextCustomizer@0, org.springframework.boot.test.autoconfigure.web.servlet.WebDriverContextCustomizerFactory$Customizer@4c2077e0, org.springframework.boot.test.context.filter.ExcludeFilterContextCustomizer@6cea37c6, org.springframework.boot.test.json.DuplicateJsonObjectContextCustomizerFactory$DuplicateJsonObjectContextCustomizer@2a69530d, org.springframework.boot.test.mock.mockito.MockitoContextCustomizer@0, org.springframework.boot.test.web.client.TestRestTemplateContextCustomizer@333bfce6], resourceBasePath = 'src/main/webapp', contextLoader = 'org.springframework.boot.test.context.SpringBootContextLoader', parent = [null]], attributes = map['org.springframework.test.context.web.ServletTestExecutionListener.activateListener' -> true]], class annotated with @DirtiesContext [false] with mode [null].
17:13:41.745 [Test worker] DEBUG org.springframework.test.context.support.TestPropertySourceUtils - Adding inlined properties to environment: {spring.jmx.enabled=false, org.springframework.boot.test.context.SpringBootTestContextBootstrapper=true, server.port=-1}

  .   ____          _            __ _ _
 /\\ / ___'_ __ _ _(_)_ __  __ _ \ \ \ \
( ( )\___ | '_ | '_| | '_ \/ _` | \ \ \ \
 \\/  ___)| |_)| | | | | || (_| |  ) ) ) )
  '  |____| .__|_| |_|_| |_\__, | / / / /
 =========|_|==============|___/=/_/_/_/
 :: Spring Boot ::        (v2.2.0.RELEASE)

2019-11-07 17:13:42.005  INFO 16268 --- [    Test worker] c.l.p.employee.EmployeeApplicationTests  : Starting EmployeeApplicationTests on NB1499-PC0V6X1C with PID 16268 (started by karum in C:\Users\karum\employee\employee)
2019-11-07 17:13:42.007  INFO 16268 --- [    Test worker] c.l.p.employee.EmployeeApplicationTests  : No active profile set, falling back to default profiles: default
2019-11-07 17:13:43.426  INFO 16268 --- [    Test worker] o.s.s.concurrent.ThreadPoolTaskExecutor  : Initializing ExecutorService 'applicationTaskExecutor'
2019-11-07 17:13:43.741  INFO 16268 --- [    Test worker] c.l.p.employee.EmployeeApplicationTests  : Started EmployeeApplicationTests in 1.983 seconds (JVM running for 3.842)
]]></system-out>
  <system-err><![CDATA[]]></system-err>
</testsuite>
